[2026/01/20 22:09:07   INFO]           [HytaleServer] Starting HytaleServer
[2026/01/20 22:09:07   INFO]           [HytaleServer] Loading config...
[2026/01/20 22:09:07   INFO]           [HytaleServer] Authentication mode: AUTHENTICATED
[2026/01/20 22:09:07   INFO]      [ServerAuthManager] No server tokens configured. Use /auth login to authenticate, or provide tokens via CLI/environment.
[2026/01/20 22:09:07   INFO]      [ServerAuthManager] Server session ID: 5874213c-c6dd-4817-8dbf-ee73cb6a9b40
[2026/01/20 22:09:07   INFO]           [HytaleServer] Enabling Sentry
[2026/01/20 22:09:08   INFO]           [HytaleServer] Booting up HytaleServer - Version: 2026.01.17-4b0f30090, Revision: 4b0f30090ab99c9ce84652006e40c825c555ad98
[2026/01/20 22:09:08   INFO]           [HytaleServer] Setup phase...
[2026/01/20 22:09:08   INFO]          [PluginManager] Loading pending core plugins!
[2026/01/20 22:09:08   INFO]          [PluginManager] - Hytale:ConsoleModule
[2026/01/20 22:09:08   INFO]          [PluginManager] - Hytale:PermissionsModule
[2026/01/20 22:09:08   INFO]          [PluginManager] - Hytale:FlyCameraModule
[2026/01/20 22:09:08   INFO]          [PluginManager] - Hytale:AssetModule
[2026/01/20 22:09:08   INFO]          [PluginManager] - Hytale:CommonAssetModule
[2026/01/20 22:09:08   INFO]          [PluginManager] - Hytale:CosmeticsModule
[2026/01/20 22:09:08   INFO]          [PluginManager] - Hytale:ServerManager
[2026/01/20 22:09:08   INFO]          [PluginManager] - Hytale:I18nModule
[2026/01/20 22:09:08   INFO]          [PluginManager] - Hytale:ItemModule
[2026/01/20 22:09:08   INFO]          [PluginManager] - Hytale:BlockTypeModule
[2026/01/20 22:09:08   INFO]          [PluginManager] - Hytale:LegacyModule
[2026/01/20 22:09:08   INFO]          [PluginManager] - Hytale:BlockModule
[2026/01/20 22:09:08   INFO]          [PluginManager] - Hytale:BlockStateModule
[2026/01/20 22:09:08   INFO]          [PluginManager] - Hytale:CollisionModule
[2026/01/20 22:09:08   INFO]          [PluginManager] - Hytale:BlockSetModule
[2026/01/20 22:09:08   INFO]          [PluginManager] - Hytale:MigrationModule
[2026/01/20 22:09:08   INFO]          [PluginManager] - Hytale:BlockHealthModule
[2026/01/20 22:09:08   INFO]          [PluginManager] - Hytale:PrefabSpawnerModule
[2026/01/20 22:09:08   INFO]          [PluginManager] - Hytale:TimeModule
[2026/01/20 22:09:08   INFO]          [PluginManager] - Hytale:InteractionModule
[2026/01/20 22:09:08   INFO]          [PluginManager] - Hytale:EntityModule
[2026/01/20 22:09:08   INFO]          [PluginManager] - Hytale:EntityStatsModule
[2026/01/20 22:09:08   INFO]          [PluginManager] - Hytale:EntityUIModule
[2026/01/20 22:09:08   INFO]          [PluginManager] - Hytale:DamageModule
[2026/01/20 22:09:08   INFO]          [PluginManager] - Hytale:SplitVelocity
[2026/01/20 22:09:08   INFO]          [PluginManager] - Hytale:StaminaModule
[2026/01/20 22:09:08   INFO]          [PluginManager] - Hytale:DebugPlugin
[2026/01/20 22:09:08   INFO]          [PluginManager] - Hytale:ProjectileModule
[2026/01/20 22:09:08   INFO]          [PluginManager] - Hytale:ServerPlayerListModule
[2026/01/20 22:09:08   INFO]          [PluginManager] - Hytale:AccessControlModule
[2026/01/20 22:09:08   INFO]          [PluginManager] - Hytale:SingleplayerModule
[2026/01/20 22:09:08   INFO]          [PluginManager] - Hytale:Universe
[2026/01/20 22:09:08   INFO]          [PluginManager] - Hytale:ConnectedBlocksModule
[2026/01/20 22:09:08   INFO]          [PluginManager] Loading pending classpath plugins!
[2026/01/20 22:09:08   INFO]          [PluginManager] - Potato:CommandAbreviationPlugin
[2026/01/20 22:09:08   INFO]          [PluginManager] - Hytale:AssetEditor
[2026/01/20 22:09:08   INFO]          [PluginManager] - Hytale:BlockSpawner
[2026/01/20 22:09:08   INFO]          [PluginManager] - Hytale:BlockTick
[2026/01/20 22:09:08   INFO]          [PluginManager] - Hytale:BlockPhysics
[2026/01/20 22:09:08   INFO]          [PluginManager] - Hytale:BuilderTools
[2026/01/20 22:09:08   INFO]          [PluginManager] - Hytale:Crafting
[2026/01/20 22:09:08   INFO]          [PluginManager] - Hytale:CommandMacro
[2026/01/20 22:09:08   INFO]          [PluginManager] - Hytale:Instances
[2026/01/20 22:09:08   INFO]          [PluginManager] - Hytale:LANDiscovery
[2026/01/20 22:09:08   INFO]          [PluginManager] - Hytale:NPC
[2026/01/20 22:09:08   INFO]          [PluginManager] - Hytale:NPCObjectives
[2026/01/20 22:09:08   INFO]          [PluginManager] - Hytale:ObjectiveReputation
[2026/01/20 22:09:08   INFO]          [PluginManager] - Hytale:Objectives
[2026/01/20 22:09:08   INFO]          [PluginManager] - Hytale:ObjectiveShop
[2026/01/20 22:09:08   INFO]          [PluginManager] - Hytale:Path
[2026/01/20 22:09:08   INFO]          [PluginManager] - Hytale:Reputation
[2026/01/20 22:09:08   INFO]          [PluginManager] - Hytale:NPCReputation
[2026/01/20 22:09:08   INFO]          [PluginManager] - Hytale:Shop
[2026/01/20 22:09:08   INFO]          [PluginManager] - Hytale:ShopReputation
[2026/01/20 22:09:08   INFO]          [PluginManager] - Hytale:NPCShop
[2026/01/20 22:09:08   INFO]          [PluginManager] - Hytale:NPCEditor
[2026/01/20 22:09:08   INFO]          [PluginManager] - Hytale:Stash
[2026/01/20 22:09:08   INFO]          [PluginManager] - Hytale:TagSet
[2026/01/20 22:09:08   INFO]          [PluginManager] - Hytale:Teleport
[2026/01/20 22:09:08   INFO]          [PluginManager] - Hytale:Fluid
[2026/01/20 22:09:08   INFO]          [PluginManager] - Hytale:Weather
[2026/01/20 22:09:08   INFO]          [PluginManager] - Hytale:WorldGen
[2026/01/20 22:09:08   INFO]          [PluginManager] - Hytale:Farming
[2026/01/20 22:09:08   INFO]          [PluginManager] - Hytale:Camera
[2026/01/20 22:09:08   INFO]          [PluginManager] - Hytale:WorldLocationCondition
[2026/01/20 22:09:08   INFO]          [PluginManager] - Hytale:NPCCombatActionEvaluator
[2026/01/20 22:09:08   INFO]          [PluginManager] - Hytale:Model
[2026/01/20 22:09:08   INFO]          [PluginManager] - Hytale:Mantling
[2026/01/20 22:09:08   INFO]          [PluginManager] - Hytale:SafetyRoll
[2026/01/20 22:09:08   INFO]          [PluginManager] - Hytale:SprintForce
[2026/01/20 22:09:08   INFO]          [PluginManager] - Hytale:CrouchSlide
[2026/01/20 22:09:08   INFO]          [PluginManager] - Hytale:Parkour
[2026/01/20 22:09:08   INFO]          [PluginManager] - Hytale:Mounts
[2026/01/20 22:09:08   INFO]          [PluginManager] - Hytale:HytaleGenerator
[2026/01/20 22:09:08   INFO]          [PluginManager] - Hytale:Teleporter
[2026/01/20 22:09:08   INFO]          [PluginManager] - Hytale:Memories
[2026/01/20 22:09:08   INFO]          [PluginManager] - Hytale:Deployables
[2026/01/20 22:09:08   INFO]          [PluginManager] - Hytale:Portals
[2026/01/20 22:09:08   INFO]          [PluginManager] - Hytale:Beds
[2026/01/20 22:09:08   INFO]          [PluginManager] - Hytale:Ambience
[2026/01/20 22:09:08   INFO]          [PluginManager] - Hytale:CreativeHub
[2026/01/20 22:09:08   INFO]          [PluginManager] Loading pending plugins from directory: C:\Users\ntenn\Dev\hytale\plugins\AbbreviationPlugin\src\main
[2026/01/20 22:09:08   INFO]  [CMDSubstitutionPlugin] Potato:CommandAbreviationPlugin version 0.1.0
[2026/01/20 22:09:09   INFO]          [AssetModule|P] Asset monitor enabled!
[2026/01/20 22:09:09   INFO]          [AssetModule|P] Loaded pack: Hytale:Hytale from Assets.zip
[2026/01/20 22:09:09   INFO]          [AssetModule|P] Loading packs from directory: mods
[2026/01/20 22:09:09   INFO]          [AssetModule|P] Loading packs from directory: C:\Users\ntenn\Dev\hytale\plugins\AbbreviationPlugin\src\main
[2026/01/20 22:09:09   WARN]          [AssetModule|P] Skipping pack at java: missing or invalid manifest.json
[2026/01/20 22:09:09   INFO]          [AssetModule|P] Loaded pack: Potato:CommandAbreviationPlugin from resources
[2026/01/20 22:09:09   INFO]        [ConsoleModule|P] Setup console with type: windows-vtp
[2026/01/20 22:09:10   INFO]      [ServerAuthManager] Server certificate set: CN=localhost
[2026/01/20 22:09:10   INFO]          [QUICTransport] Server certificate registered for mutual auth, fingerprint: k1vVmUmBtn_WqLByZ-sgcFkkIQL9t-gapR2kvj9kn5E
[2026/01/20 22:09:10   INFO]          [QUICTransport] Using IPv4 Datagram Channel: NioDatagramChannel(INET)...
[2026/01/20 22:09:10   INFO]          [QUICTransport] Using IPv6 Datagram Channel: NioDatagramChannel(INET6)...
[2026/01/20 22:09:10   INFO]        [ServerManager|P] Took 1sec 259ms 263us 500ns to setup transport!
[2026/01/20 22:09:13   INFO]      [ServerAuthManager] Auth credential store: Memory
[2026/01/20 22:09:13   INFO]           [HytaleServer] Setup phase completed! Boot time 5sec 665ms 782us 700ns
[2026/01/20 22:09:13   INFO]                 [Hytale] Loading common assets from: /
[2026/01/20 22:09:13   INFO]    [CommonAssetModule|P] Took 138ms 430us 700ns to load 22913 assets from CommonAssetsIndex.hashes file.
[2026/01/20 22:09:13   WARN]    [CommonAssetModule|P] Duplicated Asset Count: 931
[2026/01/20 22:09:13   INFO]                 [Hytale] Loading common assets phase completed! Boot time 5sec 805ms 97us, Took 138ms 979us 300ns
[2026/01/20 22:09:13   INFO]                 [Hytale] Loading common assets from: C:\Users\ntenn\Dev\hytale\plugins\AbbreviationPlugin\src\main\resources
[2026/01/20 22:09:13   WARN]    [CommonAssetModule|P] Duplicated Asset Count: 931
[2026/01/20 22:09:13   INFO]                 [Hytale] Loading common assets phase completed! Boot time 5sec 805ms 950us 400ns, Took 773us 300ns
[2026/01/20 22:09:13   INFO]    [AssetRegistryLoader] Loading 91 asset stores...
[2026/01/20 22:09:13   INFO]    [AssetRegistryLoader] Pre-adding assets...
[2026/01/20 22:09:13   INFO]      [CollisionModule|P] Block extents for CollisionSystem is Max=0.0, Min=0.0
[2026/01/20 22:09:13   INFO]                 [Hytale] Loading assets from: /Server
[2026/01/20 22:09:13   INFO]    [AssetRegistryLoader] Loading assets from /Server
[2026/01/20 22:09:13   WARN] [AssetStore|WorldStructureAsset] Unused key(s) in 'Interpolation' file /Server/HytaleGenerator/WorldStructures/Dev/Interpolation.json: BiomeTransitions
[2026/01/20 22:09:13   WARN]      [AssetStore|ParticleSystem] Unused key(s) in 'Potion_Health_Implosion' file /Server/Particles/Status_Effect/Potion_Health/Potion_Health_Implosion.particlesystem: Spawners.0.Scale
[2026/01/20 22:09:13   WARN]      [AssetStore|ParticleSystem] Unused key(s) in 'Potion_Stamina_Burst' file /Server/Particles/Status_Effect/Potion_Stamina/Potion_Stamina_Burst.particlesystem: Spawners.0.Scale
[2026/01/20 22:09:13   WARN]      [AssetStore|ParticleSystem] Unused key(s) in 'Potion_Morph_Burst' file /Server/Particles/Status_Effect/Potion_Morph/Potion_Morph_Burst.particlesystem: Spawners.0.Scale
[2026/01/20 22:09:13   WARN]         [AssetStore|Environment] Asset key 'Env_Temple_of_Gaia' for file '/Server/Environments/Unique/Env_Temple_of_Gaia.json' has incorrect format! Expected: 'Env_Temple_Of_Gaia'
[2026/01/20 22:09:13   WARN]  [AssetStore|ScriptedBrushAsset] Unused key(s) in 'FluidMaskExample' file /Server/ScriptedBrushes/Examples/FluidMaskExample.json: Description
[2026/01/20 22:09:13   WARN]  [AssetStore|ScriptedBrushAsset] Asset key 'templeFloor' for file '/Server/ScriptedBrushes/Archive/templeFloor.json' has incorrect format! Expected: 'TempleFloor'
[2026/01/20 22:09:13   WARN]  [AssetStore|ScriptedBrushAsset] Unused key(s) in 'ReplaceWaterExample' file /Server/ScriptedBrushes/Examples/ReplaceWaterExample.json: Description
[2026/01/20 22:09:13   WARN]  [AssetStore|ScriptedBrushAsset] Asset key 'templeRandom' for file '/Server/ScriptedBrushes/Archive/templeRandom.json' has incorrect format! Expected: 'TempleRandom'
[2026/01/20 22:09:13 SEVERE]                           [SERR] Reallocate: 131072 to 1179648
[2026/01/20 22:09:13   WARN]  [AssetStore|ScriptedBrushAsset] Asset key 'MountainBrush_old' for file '/Server/ScriptedBrushes/Archive/MountainBrush_old.json' has incorrect format! Expected: 'MountainBrush_Old'
[2026/01/20 22:09:13   WARN]  [AssetStore|ScriptedBrushAsset] Asset key 'BoulderBrush_old' for file '/Server/ScriptedBrushes/Archive/BoulderBrush_old.json' has incorrect format! Expected: 'BoulderBrush_Old'
[2026/01/20 22:09:13   WARN]  [AssetStore|ScriptedBrushAsset] Asset key 'keepDestruction' for file '/Server/ScriptedBrushes/Archive/keepDestruction.json' has incorrect format! Expected: 'KeepDestruction'
[2026/01/20 22:09:13   WARN]  [AssetStore|ScriptedBrushAsset] Asset key 'templePillars' for file '/Server/ScriptedBrushes/Archive/templePillars.json' has incorrect format! Expected: 'TemplePillars'
[2026/01/20 22:09:13   WARN]  [AssetStore|ScriptedBrushAsset] Asset key 'templeDestruction' for file '/Server/ScriptedBrushes/Archive/templeDestruction.json' has incorrect format! Expected: 'TempleDestruction'
[2026/01/20 22:09:13   WARN]  [AssetStore|ScriptedBrushAsset] Asset key 'moltenBall' for file '/Server/ScriptedBrushes/Archive/moltenBall.json' has incorrect format! Expected: 'MoltenBall'
[2026/01/20 22:09:13   WARN]  [AssetStore|ScriptedBrushAsset] Asset key 'templeWalls' for file '/Server/ScriptedBrushes/Archive/templeWalls.json' has incorrect format! Expected: 'TempleWalls'
[2026/01/20 22:09:13   WARN]          [AssetStore|BiomeAsset] Unused key(s) in 'Example_Mixer_Gradient' file /Server/HytaleGenerator/Biomes/Examples/Example_Mixer_Gradient.json: Terrain.Density.Inputs.0.Inputs.0.Inputs.0.Inputs.0.Inputs.0.Inputs.0.CacheSize, Terrain.Density.Inputs.1.Inputs.0.Inputs.0.Inputs.0.Inputs.0.Inputs.0.CacheSize, Terrain.Density.Inputs.2.Inputs.0.CacheSize
[2026/01/20 22:09:13   WARN]          [AssetStore|BiomeAsset] Unused key(s) in 'Example_Fluid' file /Server/HytaleGenerator/Biomes/Examples/Example_Fluid.json: Terrain.Density.Inputs.0.CacheSize, MaterialProvider.Empty.Queue.0.BaseHeight
[2026/01/20 22:09:13   WARN]          [AssetStore|BiomeAsset] Unused key(s) in 'Something' file /Server/HytaleGenerator/Biomes/Experimental/Something.json: Terrain.Density.Inputs.0.Inputs.0.Inputs.0.Inputs.0.CacheSize, Terrain.Density.Inputs.0.Inputs.0.Inputs.0.Inputs.1.Inputs.0.CacheSize, Terrain.Density.Inputs.0.Inputs.0.Inputs.1.Inputs.0.CacheSize, Terrain.Density.Inputs.0.Inputs.0.Inputs.1.Inputs.1.Inputs.0.Inputs.0.Inputs.0.Inputs.0.Sampled, Terrain.Density.Inputs.0.Inputs.0.Inputs.1.Inputs.3.Inputs.0.Inputs.0.CacheSize, Terrain.Density.Inputs.0.Inputs.1.Inputs.0.CacheSize, Terrain.Density.Inputs.0.Inputs.1.Inputs.1.Inputs.0.Inputs.0.CacheSize
[2026/01/20 22:09:13   WARN]          [AssetStore|BiomeAsset] Unused key(s) in 'Example_Prop' file /Server/HytaleGenerator/Biomes/Examples/Example_Prop.json: Terrain.Density.Inputs.0.CacheSize
[2026/01/20 22:09:13   WARN]          [AssetStore|BiomeAsset] Unused key(s) in 'Fake3dNoise' file /Server/HytaleGenerator/Biomes/Examples/Fake3dNoise.json: Terrain.Density.Inputs.1.CacheSize, Terrain.Density.Inputs.2.Inputs.1.Inputs.0.Inputs.0.CacheSize, Terrain.Density.Inputs.2.Inputs.1.Inputs.0.Inputs.1.CacheSize, Terrain.Density.Inputs.2.Inputs.1.Inputs.0.Inputs.2.CacheSize, Terrain.Density.Inputs.2.Inputs.1.Inputs.0.Inputs.3.CacheSize, Terrain.Density.Inputs.2.Inputs.1.Inputs.0.Inputs.4.CacheSize, Terrain.Density.Inputs.2.Inputs.1.Inputs.0.Inputs.5.CacheSize
[2026/01/20 22:09:13   WARN]                [HytaleGenerator] Duplicate export name for asset: Taiga1_Rewood_Trees_Mask
[2026/01/20 22:09:13   INFO]                [HytaleGenerator] Exported Scanner asset with name 'BasicForestTreeScanner' with asset id 'null
[2026/01/20 22:09:13   WARN]                [HytaleGenerator] Duplicate export name for asset: werstjrtydkm,
[2026/01/20 22:09:13   WARN]          [AssetStore|BiomeAsset] Unused key(s) in 'Boreal1_Henges' file /Server/HytaleGenerator/Biomes/Boreal1/Boreal1_Henges.json: Terrain.Density.Inputs.0.Inputs.1.Inputs.0.Inputs.0.Inputs.0.Inputs.1.Inputs.0.Inputs.0.Inputs.0.Positions.Positions.OffsetX, Terrain.Density.Inputs.0.Inputs.1.Inputs.0.Inputs.0.Inputs.0.Inputs.1.Inputs.0.Inputs.0.Inputs.0.Positions.Positions.OffsetY, Terrain.Density.Inputs.0.Inputs.1.Inputs.0.Inputs.0.Inputs.0.Inputs.1.Inputs.0.Inputs.0.Inputs.0.Positions.Positions.OffsetZ, Terrain.Density.Inputs.0.Inputs.1.Inputs.0.Inputs.1.Inputs.0.Inputs.1.Inputs.0.Inputs.0.Inputs.0.Inputs.0.Positions.Positions.OffsetX, Terrain.Density.Inputs.0.Inputs.1.Inputs.0.Inputs.1.Inputs.0.Inputs.1.Inputs.0.Inputs.0.Inputs.0.Inputs.0.Positions.Positions.OffsetY, Terrain.Density.Inputs.0.Inputs.1.Inputs.0.Inputs.1.Inputs.0.Inputs.1.Inputs.0.Inputs.0.Inputs.0.Inputs.0.Positions.Positions.OffsetZ
[2026/01/20 22:09:13   WARN]                [HytaleGenerator] Duplicate export name for asset: pattern1
[2026/01/20 22:09:13   WARN]          [AssetStore|BiomeAsset] Unused key(s) in 'Example_Multi_Mixer_Horizontal' file /Server/HytaleGenerator/Biomes/Examples/Example_Multi_Mixer_Horizontal.json: Terrain.Density.Inputs.0.Inputs.0.Inputs.0.Inputs.0.CacheSize, Terrain.Density.Inputs.0.Inputs.0.Inputs.0.Inputs.1.CacheSize, Terrain.Density.Inputs.0.Inputs.0.Inputs.0.Inputs.2.CacheSize, Terrain.Density.Inputs.0.Inputs.0.Inputs.0.Inputs.3.CacheSize
[2026/01/20 22:09:13   WARN]          [AssetStore|BiomeAsset] Unused key(s) in 'SingleInstance_Test' file /Server/HytaleGenerator/Biomes/Examples/SingleInstance_Test.json: Terrain.Density.Inputs.0.Inputs.1.SingleInstance
[2026/01/20 22:09:13   WARN]          [AssetStore|BiomeAsset] Unused key(s) in 'Example_Multi_Mixer_Curve' file /Server/HytaleGenerator/Biomes/Examples/Example_Multi_Mixer_Curve.json: Terrain.Density.Inputs.0.Inputs.0.Inputs.0.Inputs.0.CacheSize, Terrain.Density.Inputs.0.Inputs.1.Inputs.0.Inputs.0.Inputs.0.Inputs.0.CacheSize, Terrain.Density.Inputs.0.Inputs.1.Inputs.0.Inputs.0.Inputs.0.Inputs.1.CacheSize, Terrain.Density.Inputs.0.Inputs.1.Inputs.0.Inputs.0.Inputs.0.Inputs.2.CacheSize, Terrain.Density.Inputs.0.Inputs.1.Inputs.1.CacheSize, Terrain.Density.Inputs.1.Inputs.0.CacheSize
[2026/01/20 22:09:13   WARN]          [AssetStore|BiomeAsset] Unused key(s) in 'Basic' file /Server/HytaleGenerator/Biomes/Basic.json: Props.0.Assignments.Prop.BoxBlockType
[2026/01/20 22:09:13   WARN]          [AssetStore|BiomeAsset] Unused key(s) in 'CursebreakerKeyartBiome' file /Server/HytaleGenerator/Biomes/Experimental/CursebreakerKeyartBiome.json: Terrain.Density.Inputs.0.Inputs.0.Inputs.0.Inputs.0.Inputs.0.Inputs.0.CacheSize, Terrain.Density.Inputs.0.Inputs.0.Inputs.0.Inputs.1.Inputs.0.Inputs.0.CacheSize, Terrain.Density.Inputs.0.Inputs.0.Inputs.1.Inputs.0.Inputs.0.Inputs.0.Inputs.0.CacheSize, Terrain.Density.Inputs.0.Inputs.1.Inputs.0.Inputs.0.Inputs.0.CacheSize
[2026/01/20 22:09:13   WARN]          [AssetStore|BiomeAsset] Unused key(s) in 'Dunes' file /Server/HytaleGenerator/Biomes/Experimental/Dunes.json: Terrain.Density.Inputs.0.Inputs.0.Inputs.0.Inputs.0.Inputs.0.Inputs.1.Inputs.0.Inputs.0.Inputs.0.CacheSize, Terrain.Density.Inputs.0.Inputs.0.Inputs.0.Inputs.0.Inputs.0.Inputs.1.Inputs.0.Inputs.1.Inputs.0.CacheSize, Terrain.Density.Inputs.0.Inputs.0.Inputs.0.Inputs.1.Inputs.0.Inputs.0.Inputs.0.CacheSize, Terrain.Density.Inputs.0.Inputs.0.Inputs.0.Inputs.1.Inputs.0.Inputs.1.Inputs.0.CacheSize, Terrain.Density.Inputs.0.Inputs.0.Inputs.1.Inputs.0.Inputs.0.Inputs.1.Inputs.0.Inputs.0.Inputs.0.CacheSize, Terrain.Density.Inputs.0.Inputs.0.Inputs.1.Inputs.0.Inputs.0.Inputs.1.Inputs.0.Inputs.1.Inputs.0.CacheSize, Terrain.Density.Inputs.0.Inputs.0.Inputs.1.Inputs.1.Inputs.0.Inputs.0.CacheSize, Terrain.Density.Inputs.0.Inputs.0.Inputs.1.Inputs.1.Inputs.1.Inputs.0.CacheSize, Terrain.Density.Inputs.0.Inputs.1.Inputs.0.Inputs.0.Inputs.0.Inputs.0.CacheSize, Terrain.Density.Inputs.0.Inputs.1.Inputs.1.Inputs.0.CacheSize, MaterialProvider.Solid.Queue.0.FieldFunction.CacheSize
[2026/01/20 22:09:13   WARN]                [HytaleGenerator] Duplicate export name for asset: River-Boulders-Mask
[2026/01/20 22:09:13   WARN]                [HytaleGenerator] Duplicate export name for asset: werstjrtydkm,
[2026/01/20 22:09:13   WARN]          [AssetStore|BiomeAsset] Unused key(s) in 'Plains1_Deeproot' file /Server/HytaleGenerator/Biomes/Plains1/Plains1_Deeproot.json: Props.5.Positions.OffsetX, Props.5.Positions.OffsetY, Props.5.Positions.OffsetZ
[2026/01/20 22:09:13   WARN]                [HytaleGenerator] Duplicate export name for asset: BasicForestTreeScanner
[2026/01/20 22:09:13   INFO]                [HytaleGenerator] Exported Scanner asset with name 'BasicForestTreeScanner' with asset id 'null
[2026/01/20 22:09:13   WARN]                [HytaleGenerator] Duplicate export name for asset: River-Boulders-Mask
[2026/01/20 22:09:13   WARN]          [AssetStore|BiomeAsset] Unused key(s) in 'Example_Mixer' file /Server/HytaleGenerator/Biomes/Examples/Example_Mixer.json: Terrain.Density.Inputs.0.CacheSize, Terrain.Density.Inputs.1.Inputs.2.Inputs.0.CacheSize
[2026/01/20 22:09:13   WARN]          [AssetStore|BiomeAsset] Unused key(s) in 'Arches' file /Server/HytaleGenerator/Biomes/Experimental/Arches.json: Terrain.Density.Inputs.0.Inputs.0.Inputs.0.Inputs.0.Inputs.0.CacheSize, Terrain.Density.Inputs.0.Inputs.1.Inputs.0.Inputs.0.Inputs.0.CacheSize, Terrain.Density.Inputs.0.Inputs.1.Inputs.0.Inputs.0.Inputs.0.Inputs.0.ReturnType.Density.CacheSize, Terrain.Density.Inputs.0.Inputs.1.Inputs.0.Inputs.1.Inputs.0.CacheSize, Terrain.Density.Inputs.0.Inputs.1.Inputs.0.Inputs.1.Inputs.0.Inputs.0.ReturnType.Density.Inputs.0.Inputs.0.Inputs.0.CacheSize, Terrain.Density.Inputs.0.Inputs.1.Inputs.0.Inputs.2.Inputs.0.CacheSize
[2026/01/20 22:09:13   WARN]                [HytaleGenerator] Duplicate export name for asset: River-Boulders-Mask
[2026/01/20 22:09:13   WARN]                [HytaleGenerator] Duplicate export name for asset: Desert1_Rivers_Cliffs
[2026/01/20 22:09:13   WARN]                [HytaleGenerator] Duplicate export name for asset: River-Boulders-Mask
[2026/01/20 22:09:13 SEVERE]                           [SERR] Reallocate: 131072 to 1179648
[2026/01/20 22:09:13   WARN]                [HytaleGenerator] Duplicate export name for asset: Plains1-Gorges-BaseTerrain
[2026/01/20 22:09:13   WARN]          [AssetStore|BiomeAsset] Unused key(s) in 'Volcanic1_Jungle' file /Server/HytaleGenerator/Biomes/Volcanic1/Volcanic1_Jungle.json: Props.1.Positions.OffsetX, Props.1.Positions.OffsetY, Props.1.Positions.OffsetZ, Props.2.Positions.OffsetX, Props.2.Positions.OffsetY, Props.2.Positions.OffsetZ, Props.3.Positions.OffsetX, Props.3.Positions.OffsetY, Props.3.Positions.OffsetZ
[2026/01/20 22:09:13   WARN]                [HytaleGenerator] Duplicate export name for asset: River-Boulders-Mask
[2026/01/20 22:09:13   WARN]                [HytaleGenerator] Duplicate export name for asset: River-Boulders-Mask
[2026/01/20 22:09:13   WARN]                [HytaleGenerator] Duplicate export name for asset: River-Boulders-Mask
[2026/01/20 22:09:13   WARN]                [HytaleGenerator] Duplicate export name for asset: River-Boulders-Mask
[2026/01/20 22:09:13 SEVERE]                           [SERR] Reallocate: 131072 to 1179648
[2026/01/20 22:09:13 SEVERE]                           [SERR] Reallocate: 131072 to 1179648
[2026/01/20 22:09:13   WARN]          [AssetStore|BiomeAsset] Unused key(s) in 'Generative_Buildings' file /Server/HytaleGenerator/Biomes/Generative/Generative_Buildings.json: Terrain.Density.Inputs.1.Inputs.0.Inputs.0.Inputs.0.Inputs.0.Inputs.0.Inputs.0.Inputs.0.Inputs.0.Positions.Positions.Positions.OffsetX, Terrain.Density.Inputs.1.Inputs.0.Inputs.0.Inputs.0.Inputs.0.Inputs.0.Inputs.0.Inputs.0.Inputs.0.Positions.Positions.Positions.OffsetY, Terrain.Density.Inputs.1.Inputs.0.Inputs.0.Inputs.0.Inputs.0.Inputs.0.Inputs.0.Inputs.0.Inputs.0.Positions.Positions.Positions.OffsetZ
[2026/01/20 22:09:13   WARN]                [HytaleGenerator] Duplicate export name for asset: Peak
[2026/01/20 22:09:13   INFO]                [HytaleGenerator] Exported Scanner asset with name 'Desert1_Rocky_Trees_Dry_Scanner' with asset id 'null
[2026/01/20 22:09:13   INFO]                [HytaleGenerator] Exported Scanner asset with name 'Desert1_Rocky_Trees_Palm_Scanner' with asset id 'null
[2026/01/20 22:09:13   WARN]          [AssetStore|BiomeAsset] Unused key(s) in 'Desert1_Oasis' file /Server/HytaleGenerator/Biomes/Desert1/Desert1_Oasis.json: Props.2.Positions.Positions.OffsetX, Props.2.Positions.Positions.OffsetY, Props.2.Positions.Positions.OffsetZ, Props.3.Positions.Positions.OffsetX, Props.3.Positions.Positions.OffsetY, Props.3.Positions.Positions.OffsetZ, Props.4.Positions.Positions.OffsetX, Props.4.Positions.Positions.OffsetY, Props.4.Positions.Positions.OffsetZ, Props.5.Positions.Positions.OffsetX, Props.5.Positions.Positions.OffsetY, Props.5.Positions.Positions.OffsetZ, Props.6.Positions.Positions.OffsetX, Props.6.Positions.Positions.OffsetY, Props.6.Positions.Positions.OffsetZ
[2026/01/20 22:09:13   WARN]    [AssetStore|AssignmentsAsset] Unused key(s) in 'Plains1_Deeproot_Grasses' file /Server/HytaleGenerator/Assignments/Plains1/Plains1_Deeproot_Grasses.json: FieldFunction.CacheSize
[2026/01/20 22:09:13   WARN]    [AssetStore|AssignmentsAsset] Unused key(s) in 'Runtime_Defect_1' file /Server/HytaleGenerator/Assignments/Dev/Runtime_Defect_1.json: Prop.BoxBlockType
[2026/01/20 22:09:13   WARN]    [AssetStore|AssignmentsAsset] Unused key(s) in 'Runtime_Defect_0' file /Server/HytaleGenerator/Assignments/Dev/Runtime_Defect_0.json: Prop.BoxBlockType
[2026/01/20 22:09:13   INFO]                [HytaleGenerator] Exported Scanner asset with name 'Desert1_Oasis_Grasses_Scanner' with asset id 'null
[2026/01/20 22:09:13   INFO]                [HytaleGenerator] Exported Scanner asset with name 'Desert1_Boulders_Scanner' with asset id 'null
[2026/01/20 22:09:13   WARN]    [AssetStore|AssignmentsAsset] Unused key(s) in 'Desert1_Oasis_Grasses' file /Server/HytaleGenerator/Assignments/Desert1/Desert1_Oasis_Grasses.json: $Comments
[2026/01/20 22:09:13   WARN]    [AssetStore|AssignmentsAsset] Unused key(s) in 'Desert1_Oasis_Boulders' file /Server/HytaleGenerator/Assignments/Desert1/Desert1_Oasis_Boulders.json: $Comments
[2026/01/20 22:09:13   WARN]                [HytaleGenerator] Duplicate export name for asset: Volcanic1_Swamp_Bushes_Jungles_Pattern
[2026/01/20 22:09:13   WARN]                [HytaleGenerator] Duplicate export name for asset: Plains1_OakPattern_Floor_Grass
[2026/01/20 22:09:13   WARN]    [AssetStore|AssignmentsAsset] Unused key(s) in 'Plains1_Mountains_Grasses' file /Server/HytaleGenerator/Assignments/Plains1/Plains1_Mountains_Grasses.json: FieldFunction.CacheSize
[2026/01/20 22:09:13   INFO]                [HytaleGenerator] Exported Scanner asset with name 'Desert1_Boab_Scanner' with asset id 'null
[2026/01/20 22:09:13   INFO]                [HytaleGenerator] Exported Scanner asset with name 'Plains1_Gorges_Boulder_Scanner' with asset id 'null
[2026/01/20 22:09:13   WARN]    [AssetStore|AssignmentsAsset] Unused key(s) in 'Desert1_Oasis_Flowers' file /Server/HytaleGenerator/Assignments/Desert1/Desert1_Oasis_Flowers.json: $Comments
[2026/01/20 22:09:13   WARN]    [AssetStore|AssignmentsAsset] Unused key(s) in 'Plains1_Oak_Bushes' file /Server/HytaleGenerator/Assignments/Plains1/Plains1_Oak_Bushes.json: FieldFunction.CacheSize
[2026/01/20 22:09:13   INFO]                [HytaleGenerator] Exported Scanner asset with name 'Plains1_Gorges_Tree_Scanner' with asset id 'null
[2026/01/20 22:09:13   WARN]    [AssetStore|AssignmentsAsset] Unused key(s) in 'Taiga1_Rivers_Grasses' file /Server/HytaleGenerator/Assignments/Taiga1/Taiga1_Rivers_Grasses.json: $Comments
[2026/01/20 22:09:13   WARN]                [HytaleGenerator] Duplicate export name for asset: Plains1_OakPattern_Floor_Grass
[2026/01/20 22:09:13   WARN]                [HytaleGenerator] Duplicate export name for asset: Plains1_Sticks
[2026/01/20 22:09:13   WARN]                [HytaleGenerator] Duplicate export name for asset: Plains1_OakPattern_Floor_Grass
[2026/01/20 22:09:13   WARN]                [HytaleGenerator] Duplicate export name for asset: Desert1_Boulders_Scanner
[2026/01/20 22:09:13   INFO]                [HytaleGenerator] Exported Scanner asset with name 'Desert1_Boulders_Scanner' with asset id 'null
[2026/01/20 22:09:13   INFO]                [HytaleGenerator] Exported Scanner asset with name 'Desert1_Dry_Scanner' with asset id 'null
[2026/01/20 22:09:13   WARN]    [AssetStore|AssignmentsAsset] Unused key(s) in 'Desert1_Oasis_Trees_Dry' file /Server/HytaleGenerator/Assignments/Desert1/Desert1_Oasis_Trees_Dry.json: $Comments
[2026/01/20 22:09:13   INFO]                [HytaleGenerator] Exported Scanner asset with name 'Desert1_Palm_Scanner' with asset id 'null
[2026/01/20 22:09:13   INFO]                [HytaleGenerator] Exported Scanner asset with name 'Desert1_Oasis_Plants_2_Scanner' with asset id 'null
[2026/01/20 22:09:13   WARN]    [AssetStore|AssignmentsAsset] Unused key(s) in 'Desert1_Oasis_Flowers_2' file /Server/HytaleGenerator/Assignments/Desert1/Desert1_Oasis_Flowers_2.json: $Comments
[2026/01/20 22:09:14   WARN]               [BlockSetModule|P] Creating block sets: Failed to find block name 'Furniture_Temple_Light_Statue'
[2026/01/20 22:09:14   WARN]               [BlockSetModule|P] Creating block sets: Failed to find block name 'Ingredient_Hay'
[2026/01/20 22:09:14   WARN]               [BlockSetModule|P] Creating block sets: Failed to find block name 'Wood_Softwood_Planks'
[2026/01/20 22:09:14   WARN]               [BlockSetModule|P] Creating block sets: Failed to find block name 'Furniture_Feran_Bed'
[2026/01/20 22:09:14   WARN]               [BlockSetModule|P] Creating block sets: Failed to find block name 'Coop_Chicken'
[2026/01/20 22:09:14   WARN]               [BlockSetModule|P] Creating block sets: Failed to find hitbox name 'Fence'
[2026/01/20 22:09:14   WARN]               [BlockSetModule|P] Creating block sets: Failed to find hitbox name 'Fence_Gate'
[2026/01/20 22:09:14   WARN]               [BlockSetModule|P] Creating block sets: Failed to find hitbox name 'Fence_Gate_Open_In'
[2026/01/20 22:09:14   WARN]               [BlockSetModule|P] Creating block sets: Failed to find hitbox name 'Fence_Gate_Open_Out'
[2026/01/20 22:09:14   WARN]               [BlockSetModule|P] Creating block sets: Failed to find hitbox name 'Fence_Thin'
[2026/01/20 22:09:14   WARN]               [BlockSetModule|P] Creating block sets: Failed to find hitbox name 'Fence_Thick'
[2026/01/20 22:09:14   WARN]               [BlockSetModule|P] Creating block sets: Failed to find hitbox name 'Fence_Corner'
[2026/01/20 22:09:14   WARN]               [BlockSetModule|P] Creating block sets: Failed to find hitbox name 'Fence_Corner_Thin'
[2026/01/20 22:09:14   WARN]               [BlockSetModule|P] Creating block sets: Failed to find hitbox name 'Fence_Corner_Thick'
[2026/01/20 22:09:14   WARN]               [BlockSetModule|P] Creating block sets: Failed to find block name 'Furniture_Crude_Bed'
[2026/01/20 22:09:14   WARN]               [BlockSetModule|P] Creating block sets: Failed to find block name 'Soil_Grass'
[2026/01/20 22:09:14   WARN]               [BlockSetModule|P] Creating block sets: Failed to find block name 'Soil_Dirt'
[2026/01/20 22:09:14   WARN]               [BlockSetModule|P] Creating block sets: Failed to find block name 'Soil_Dirt_Poisoned'
[2026/01/20 22:09:14   WARN]               [BlockSetModule|P] Creating block sets: Failed to find block name 'Soil_Mud'
[2026/01/20 22:09:14   WARN]               [BlockSetModule|P] Creating block sets: Failed to find block name 'Soil_Gravel_Sand'
[2026/01/20 22:09:14   WARN]               [BlockSetModule|P] Creating block sets: Failed to find block name 'Soil_Dirt'
[2026/01/20 22:09:14   WARN]               [BlockSetModule|P] Creating block sets: Failed to find block name 'Soil_Clay'
[2026/01/20 22:09:14   WARN]               [BlockSetModule|P] Creating block sets: Failed to find block name 'Rock_Stone'
[2026/01/20 22:09:14   WARN]               [BlockSetModule|P] Creating block sets: Failed to find block name 'Rock_Marble'
[2026/01/20 22:09:14   WARN]               [BlockSetModule|P] Creating block sets: Failed to find block name 'Rock_Chalk'
[2026/01/20 22:09:14   INFO]              [CollisionModule|P] Block extents for CollisionSystem is Max=3.0, Min=0.0
[2026/01/20 22:09:14   WARN]     [AssetStore|PrefabListAsset] Asset key 'Trees_Ash_twisted_Giant' for file '/Server/PrefabList/Trees_Ash_twisted_Giant.json' has incorrect format! Expected: 'Trees_Ash_Twisted_Giant'
[2026/01/20 22:09:14   WARN]     [AssetStore|PrefabListAsset] Asset key 'Trees_Ash_swamp_dead' for file '/Server/PrefabList/Trees_Ash_swamp_dead.json' has incorrect format! Expected: 'Trees_Ash_Swamp_Dead'
[2026/01/20 22:09:14   WARN]     [AssetStore|PrefabListAsset] Asset key 'Trees_Ash_twisted' for file '/Server/PrefabList/Trees_Ash_twisted.json' has incorrect format! Expected: 'Trees_Ash_Twisted'
[2026/01/20 22:09:14   WARN]     [AssetStore|PrefabListAsset] Asset key 'Trees_Ash_twisted_Large' for file '/Server/PrefabList/Trees_Ash_twisted_Large.json' has incorrect format! Expected: 'Trees_Ash_Twisted_Large'
[2026/01/20 22:09:14   WARN]     [AssetStore|PrefabListAsset] Asset key 'Trees_Ash_swamp' for file '/Server/PrefabList/Trees_Ash_swamp.json' has incorrect format! Expected: 'Trees_Ash_Swamp'
[2026/01/20 22:09:14   WARN]     [AssetStore|PrefabListAsset] Asset key 'Trees_Burnt_dead' for file '/Server/PrefabList/Trees_Burnt_dead.json' has incorrect format! Expected: 'Trees_Burnt_Dead'
[2026/01/20 22:09:14   WARN]     [AssetStore|PrefabListAsset] Asset key 'Trees_Fir_red' for file '/Server/PrefabList/Trees_Fir_red.json' has incorrect format! Expected: 'Trees_Fir_Red'
[2026/01/20 22:09:14   WARN]               [MacroCommandBase] Could not parse default argument value for argument: 'world' on Macro Command: 'settimeandgohome'.
server.commands.errors.noSuchWorld{name=com.hypixel.hytale.protocol.StringParamValue@bf4c6e40}
server.commands.errors.noSuchWorld{name=com.hypixel.hytale.protocol.StringParamValue@bf4c6e40}
[2026/01/20 22:09:14   WARN] [AssetStore|CustomConnectedBlockTemplateAsset] Unused key(s) in 'RailsConnectedBlockTemplate' file /Server/Item/CustomConnectedBlockTemplates/RailsConnectedBlockTemplate.json: MaterialName
[2026/01/20 22:09:14   WARN] [AssetStore|CustomConnectedBlockTemplateAsset] Unused key(s) in 'DoorLargeConnectedBlockTemplate' file /Server/Item/CustomConnectedBlockTemplates/DoorLargeConnectedBlockTemplate.json: ConnectsToOtherTemplates
[2026/01/20 22:09:14   INFO]              [HytaleGenerator|P] Loaded Settings asset.
[2026/01/20 22:09:14   WARN]            [AssetStore|ModelVFX] Asset key 'test' for file '/Server/Entity/ModelVFX/test.json' has incorrect format! Expected: 'Test'
[2026/01/20 22:09:14   WARN]        [AssetStore|EntityEffect] Unused key(s) in 'Food_EffectCondition_Buff_Small' file /Server/Entity/Effects/Food/Buff/_Deprecated/Food_EffectCondition_Buff_Small.json: Type, EntityEffectIds, Match, Next, Failed
[2026/01/20 22:09:14   WARN]        [AssetStore|EntityEffect] Unused key(s) in 'Food_EffectCondition_Buff_Medium' file /Server/Entity/Effects/Food/Buff/_Deprecated/Food_EffectCondition_Buff_Medium.json: Type, EntityEffectIds, Match, Next, Failed
[2026/01/20 22:09:14   WARN]         [AssetStore|Interaction] Unused key(s) in 'Ice_Bolt_Miss' file /Server/Item/Interactions/Weapons/Staff/Ice/Ice_Bolt_Miss.json: Effects.WorldParticles
[2026/01/20 22:09:14   WARN]         [AssetStore|Interaction] Unused key(s) in 'Explode_Generic' file /Server/Item/Interactions/Explosions/Explode_Generic.json: Config.Knockback.VelocityConfig.Direction
[2026/01/20 22:09:14   WARN]         [AssetStore|Interaction] Unused key(s) in 'Weapon_Battleaxe_Primary_Downstrike_Force' file /Server/Item/Interactions/Weapons/Battleaxe/Primary/Downstrike/Weapon_Battleaxe_Primary_Downstrike_Force.json: MouseSensitivityAdjustmentTarget, MouseSensitivityAdjustmentDuration
[2026/01/20 22:09:14   WARN]         [AssetStore|Interaction] Unused key(s) in 'Weapon_Daggers_Primary_Pounce_Stab_Force' file /Server/Item/Interactions/Weapons/Daggers/Primary/Pounce/Stab/Weapon_Daggers_Primary_Pounce_Stab_Force.json: VelocityType
[2026/01/20 22:09:14   WARN]         [AssetStore|Interaction] Unused key(s) in 'Ice_Ball_Miss' file /Server/Item/Interactions/Weapons/Staff/Ice/Ice_Ball_Miss.json: Effects.WorldParticles
[2026/01/20 22:09:14   WARN]         [AssetStore|Interaction] Unused key(s) in '*Weapon_Sword_Signature_Vortexstrike_Spin_Selector_Next': Next
[2026/01/20 22:09:14   WARN]         [AssetStore|Interaction] Unused key(s) in '*Weapon_Daggers_Primary_Pounce_Stab_Selector_Next': Next
[2026/01/20 22:09:14   INFO]                   [HytaleServer] Shutdown triggered!!!
[2026/01/20 22:09:14   INFO]                   [HytaleServer] Shutting down... 130  'null'
[2026/01/20 22:09:14   WARN]         [AssetStore|Interaction] Unused key(s) in '**Projectile_Config_Ice_Ball_Interactions_ProjectileMiss_Interactions_0': Effects.WorldParticles
[2026/01/20 22:09:14   WARN]         [AssetStore|Interaction] Unused key(s) in '**Projectile_Config_Scarak_Seeker_Spitball_Interactions_ProjectileMiss_Interactions_0': Effects.WorldParticles
[2026/01/20 22:09:14   WARN]         [AssetStore|Interaction] Unused key(s) in '**Projectile_Config_Scarak_Seeker_Spitball_Interactions_ProjectileHit_Interactions_0': Entity
[2026/01/20 22:09:14   WARN]         [AssetStore|Interaction] Unused key(s) in '**Projectile_Config_Ice_Bolt_Interactions_ProjectileMiss_Interactions_0': Effects.WorldParticles
[2026/01/20 22:09:14   INFO]                  [PluginManager] Saving plugins config...
[2026/01/20 22:09:14   INFO]                   [HytaleServer] Saving config...
[2026/01/20 22:09:14   INFO]                   [HytaleServer] Shutdown completed!
